# JRE version: Java(TM) SE Runtime Environment (13.0.2+8) (build 13.0.2+8)
# Java VM: Java HotSpot(TM) 64-Bit Server VM (13.0.2+8, mixed mode, sharing, tiered, compressed oops, g1 gc, windows-amd64)
Heap:
 garbage-first heap   total 131072K, used 8384K [0x0000000081600000, 0x0000000100000000)
  region size 1024K, 1 young (1024K), 1 survivors (1024K)
 Metaspace       used 18016K, capacity 18367K, committed 18432K, reserved 1073152K
  class space    used 2077K, capacity 2249K, committed 2304K, reserved 1048576K
GC Heap History (6 events):
Event: 2.188 GC heap before
{Heap before GC invocations=0 (full 0):
 garbage-first heap   total 131072K, used 14336K [0x0000000081600000, 0x0000000100000000)
  region size 1024K, 14 young (14336K), 0 survivors (0K)
 Metaspace       used 12338K, capacity 12720K, committed 12928K, reserved 1060864K
  class space    used 1400K, capacity 1585K, committed 1664K, reserved 1048576K
}
Event: 2.197 GC heap after
{Heap after GC invocations=1 (full 0):
 garbage-first heap   total 131072K, used 5436K [0x0000000081600000, 0x0000000100000000)
  region size 1024K, 2 young (2048K), 2 survivors (2048K)
 Metaspace       used 12338K, capacity 12720K, committed 12928K, reserved 1060864K
  class space    used 1400K, capacity 1585K, committed 1664K, reserved 1048576K
}
Event: 2.441 GC heap before
{Heap before GC invocations=1 (full 0):
 garbage-first heap   total 131072K, used 12604K [0x0000000081600000, 0x0000000100000000)
  region size 1024K, 9 young (9216K), 2 survivors (2048K)
 Metaspace       used 14731K, capacity 15142K, committed 15232K, reserved 1062912K
  class space    used 1660K, capacity 1834K, committed 1920K, reserved 1048576K
}
Event: 2.450 GC heap after
{Heap after GC invocations=2 (full 0):
 garbage-first heap   total 131072K, used 7540K [0x0000000081600000, 0x0000000100000000)
  region size 1024K, 2 young (2048K), 2 survivors (2048K)
 Metaspace       used 14731K, capacity 15142K, committed 15232K, reserved 1062912K
  class space    used 1660K, capacity 1834K, committed 1920K, reserved 1048576K
}
Event: 2.832 GC heap before
{Heap before GC invocations=2 (full 0):
 garbage-first heap   total 131072K, used 11636K [0x0000000081600000, 0x0000000100000000)
  region size 1024K, 7 young (7168K), 2 survivors (2048K)
 Metaspace       used 18016K, capacity 18367K, committed 18432K, reserved 1071104K
  class space    used 2077K, capacity 2249K, committed 2304K, reserved 1048576K
}
Event: 2.836 GC heap after
{Heap after GC invocations=3 (full 0):
 garbage-first heap   total 131072K, used 8384K [0x0000000081600000, 0x0000000100000000)
  region size 1024K, 1 young (1024K), 1 survivors (1024K)
 Metaspace       used 18016K, capacity 18367K, committed 18432K, reserved 1071104K
  class space    used 2077K, capacity 2249K, committed 2304K, reserved 1048576K
}

